<?xml version="1.0" encoding="UTF-8"?>
<coverage generated="1604618969851" clover="3.2.0">
  <project timestamp="1604618969851" name="All files">
    <metrics statements="18" coveredstatements="18" conditionals="4" coveredconditionals="4" methods="3" coveredmethods="3" elements="25" coveredelements="25" complexity="0" loc="18" ncloc="18" packages="1" files="3" classes="3"/>
    <file name="firstUniqueCharacter.js" path="/Users/briankleiner/Desktop/Career/Projects/interview-espresso-problems-js/Algorithms/firstUniqueCharacter.js">
      <metrics statements="7" coveredstatements="7" conditionals="2" coveredconditionals="2" methods="1" coveredmethods="1"/>
      <line num="20" count="1" type="stmt"/>
      <line num="21" count="3" type="stmt"/>
      <line num="22" count="13" type="stmt"/>
      <line num="23" count="13" type="cond" truecount="2" falsecount="0"/>
      <line num="24" count="2" type="stmt"/>
      <line num="28" count="1" type="stmt"/>
      <line num="31" count="1" type="stmt"/>
    </file>
    <file name="groupAnagrams.js" path="/Users/briankleiner/Desktop/Career/Projects/interview-espresso-problems-js/Algorithms/groupAnagrams.js">
      <metrics statements="8" coveredstatements="8" conditionals="2" coveredconditionals="2" methods="1" coveredmethods="1"/>
      <line num="6" count="1" type="stmt"/>
      <line num="7" count="3" type="stmt"/>
      <line num="9" count="3" type="stmt"/>
      <line num="10" count="8" type="stmt"/>
      <line num="11" count="8" type="cond" truecount="2" falsecount="0"/>
      <line num="12" count="5" type="stmt"/>
      <line num="15" count="3" type="stmt"/>
      <line num="43" count="1" type="stmt"/>
    </file>
    <file name="validPalindrome.js" path="/Users/briankleiner/Desktop/Career/Projects/interview-espresso-problems-js/Algorithms/validPalindrome.js">
      <metrics statements="3" coveredstatements="3" conditionals="0" coveredconditionals="0" methods="1" coveredmethods="1"/>
      <line num="1" count="1" type="stmt"/>
      <line num="2" count="2" type="stmt"/>
      <line num="5" count="1" type="stmt"/>
    </file>
  </project>
</coverage>
