{"/Users/briankleiner/Desktop/Career/Projects/interview-espresso-problems-js/Algorithms/firstUniqueCharacter.js": {"path":"/Users/briankleiner/Desktop/Career/Projects/interview-espresso-problems-js/Algorithms/firstUniqueCharacter.js","statementMap":{"0":{"start":{"line":20,"column":20},"end":{"line":29,"column":1}},"1":{"start":{"line":21,"column":4},"end":{"line":26,"column":5}},"2":{"start":{"line":21,"column":17},"end":{"line":21,"column":18}},"3":{"start":{"line":22,"column":21},"end":{"line":22,"column":25}},"4":{"start":{"line":23,"column":8},"end":{"line":25,"column":9}},"5":{"start":{"line":24,"column":12},"end":{"line":24,"column":21}},"6":{"start":{"line":28,"column":4},"end":{"line":28,"column":14}},"7":{"start":{"line":31,"column":0},"end":{"line":31,"column":31}}},"fnMap":{"0":{"name":"(anonymous_0)","decl":{"start":{"line":20,"column":20},"end":{"line":20,"column":21}},"loc":{"start":{"line":20,"column":32},"end":{"line":29,"column":1}},"line":20}},"branchMap":{"0":{"loc":{"start":{"line":23,"column":8},"end":{"line":25,"column":9}},"type":"if","locations":[{"start":{"line":23,"column":8},"end":{"line":25,"column":9}},{"start":{"line":23,"column":8},"end":{"line":25,"column":9}}],"line":23}},"s":{"0":1,"1":3,"2":3,"3":13,"4":13,"5":2,"6":1,"7":1},"f":{"0":3},"b":{"0":[2,11]},"_coverageSchema":"1a1c01bbd47fc00a2c39e90264f33305004495a9","hash":"f9df455ed75e3f5a48d561bcdecea16f56999db7"}
,"/Users/briankleiner/Desktop/Career/Projects/interview-espresso-problems-js/Algorithms/groupAnagrams.js": {"path":"/Users/briankleiner/Desktop/Career/Projects/interview-espresso-problems-js/Algorithms/groupAnagrams.js","statementMap":{"0":{"start":{"line":6,"column":0},"end":{"line":16,"column":1}},"1":{"start":{"line":7,"column":15},"end":{"line":7,"column":17}},"2":{"start":{"line":9,"column":4},"end":{"line":13,"column":5}},"3":{"start":{"line":10,"column":23},"end":{"line":10,"column":52}},"4":{"start":{"line":11,"column":8},"end":{"line":12,"column":32}},"5":{"start":{"line":11,"column":24},"end":{"line":11,"column":45}},"6":{"start":{"line":12,"column":13},"end":{"line":12,"column":32}},"7":{"start":{"line":15,"column":4},"end":{"line":15,"column":29}},"8":{"start":{"line":43,"column":0},"end":{"line":43,"column":31}}},"fnMap":{"0":{"name":"(anonymous_0)","decl":{"start":{"line":6,"column":16},"end":{"line":6,"column":17}},"loc":{"start":{"line":6,"column":26},"end":{"line":16,"column":1}},"line":6}},"branchMap":{"0":{"loc":{"start":{"line":11,"column":8},"end":{"line":12,"column":32}},"type":"if","locations":[{"start":{"line":11,"column":8},"end":{"line":12,"column":32}},{"start":{"line":11,"column":8},"end":{"line":12,"column":32}}],"line":11}},"s":{"0":1,"1":3,"2":3,"3":8,"4":8,"5":3,"6":5,"7":3,"8":1},"f":{"0":3},"b":{"0":[3,5]},"_coverageSchema":"1a1c01bbd47fc00a2c39e90264f33305004495a9","hash":"0a21d36201680f11752c719c3d706fbff6b3bf98"}
,"/Users/briankleiner/Desktop/Career/Projects/interview-espresso-problems-js/Algorithms/validPalindrome.js": {"path":"/Users/briankleiner/Desktop/Career/Projects/interview-espresso-problems-js/Algorithms/validPalindrome.js","statementMap":{"0":{"start":{"line":1,"column":22},"end":{"line":3,"column":1}},"1":{"start":{"line":2,"column":4},"end":{"line":2,"column":81}},"2":{"start":{"line":5,"column":0},"end":{"line":5,"column":32}}},"fnMap":{"0":{"name":"(anonymous_0)","decl":{"start":{"line":1,"column":22},"end":{"line":1,"column":23}},"loc":{"start":{"line":1,"column":29},"end":{"line":3,"column":1}},"line":1}},"branchMap":{},"s":{"0":1,"1":2,"2":1},"f":{"0":2},"b":{},"_coverageSchema":"1a1c01bbd47fc00a2c39e90264f33305004495a9","hash":"9192caaab5587933721b6257ffa7908da4838002"}
}
