{"/Users/briankleiner/Desktop/Career/Projects/interview-espresso-problems-js/Algorithms/firstUniqueCharacter.js": {"path":"/Users/briankleiner/Desktop/Career/Projects/interview-espresso-problems-js/Algorithms/firstUniqueCharacter.js","statementMap":{"0":{"start":{"line":30,"column":22},"end":{"line":38,"column":1}},"1":{"start":{"line":31,"column":4},"end":{"line":36,"column":5}},"2":{"start":{"line":31,"column":17},"end":{"line":31,"column":18}},"3":{"start":{"line":32,"column":21},"end":{"line":32,"column":25}},"4":{"start":{"line":33,"column":8},"end":{"line":35,"column":9}},"5":{"start":{"line":34,"column":12},"end":{"line":34,"column":21}},"6":{"start":{"line":37,"column":4},"end":{"line":37,"column":14}},"7":{"start":{"line":44,"column":0},"end":{"line":44,"column":31}}},"fnMap":{"0":{"name":"(anonymous_0)","decl":{"start":{"line":30,"column":22},"end":{"line":30,"column":23}},"loc":{"start":{"line":30,"column":27},"end":{"line":38,"column":1}},"line":30}},"branchMap":{"0":{"loc":{"start":{"line":33,"column":8},"end":{"line":35,"column":9}},"type":"if","locations":[{"start":{"line":33,"column":8},"end":{"line":35,"column":9}},{"start":{"line":33,"column":8},"end":{"line":35,"column":9}}],"line":33}},"s":{"0":1,"1":3,"2":3,"3":13,"4":13,"5":2,"6":1,"7":1},"f":{"0":3},"b":{"0":[2,11]},"_coverageSchema":"1a1c01bbd47fc00a2c39e90264f33305004495a9","hash":"71402d47e16f211d88fd94ad09ec5861feaf85ff"}
,"/Users/briankleiner/Desktop/Career/Projects/interview-espresso-problems-js/Algorithms/groupAnagrams.js": {"path":"/Users/briankleiner/Desktop/Career/Projects/interview-espresso-problems-js/Algorithms/groupAnagrams.js","statementMap":{"0":{"start":{"line":6,"column":0},"end":{"line":16,"column":1}},"1":{"start":{"line":7,"column":15},"end":{"line":7,"column":17}},"2":{"start":{"line":9,"column":4},"end":{"line":13,"column":5}},"3":{"start":{"line":10,"column":23},"end":{"line":10,"column":52}},"4":{"start":{"line":11,"column":8},"end":{"line":12,"column":32}},"5":{"start":{"line":11,"column":24},"end":{"line":11,"column":45}},"6":{"start":{"line":12,"column":13},"end":{"line":12,"column":32}},"7":{"start":{"line":15,"column":4},"end":{"line":15,"column":29}},"8":{"start":{"line":20,"column":0},"end":{"line":20,"column":31}}},"fnMap":{"0":{"name":"(anonymous_0)","decl":{"start":{"line":6,"column":16},"end":{"line":6,"column":17}},"loc":{"start":{"line":6,"column":26},"end":{"line":16,"column":1}},"line":6}},"branchMap":{"0":{"loc":{"start":{"line":11,"column":8},"end":{"line":12,"column":32}},"type":"if","locations":[{"start":{"line":11,"column":8},"end":{"line":12,"column":32}},{"start":{"line":11,"column":8},"end":{"line":12,"column":32}}],"line":11}},"s":{"0":1,"1":3,"2":3,"3":8,"4":8,"5":3,"6":5,"7":3,"8":1},"f":{"0":3},"b":{"0":[3,5]},"_coverageSchema":"1a1c01bbd47fc00a2c39e90264f33305004495a9","hash":"aefbb2e804adda879102ab0f0860c06775faed51"}
,"/Users/briankleiner/Desktop/Career/Projects/interview-espresso-problems-js/Algorithms/searchInsertPosition.js": {"path":"/Users/briankleiner/Desktop/Career/Projects/interview-espresso-problems-js/Algorithms/searchInsertPosition.js","statementMap":{"0":{"start":{"line":18,"column":29},"end":{"line":34,"column":1}},"1":{"start":{"line":19,"column":14},"end":{"line":19,"column":15}},"2":{"start":{"line":20,"column":13},"end":{"line":20,"column":26}},"3":{"start":{"line":22,"column":4},"end":{"line":32,"column":5}},"4":{"start":{"line":23,"column":18},"end":{"line":23,"column":42}},"5":{"start":{"line":24,"column":21},"end":{"line":24,"column":30}},"6":{"start":{"line":25,"column":8},"end":{"line":31,"column":9}},"7":{"start":{"line":26,"column":12},"end":{"line":26,"column":23}},"8":{"start":{"line":27,"column":14},"end":{"line":31,"column":9}},"9":{"start":{"line":28,"column":12},"end":{"line":28,"column":26}},"10":{"start":{"line":30,"column":12},"end":{"line":30,"column":25}},"11":{"start":{"line":33,"column":4},"end":{"line":33,"column":15}},"12":{"start":{"line":36,"column":0},"end":{"line":36,"column":38}}},"fnMap":{"0":{"name":"(anonymous_0)","decl":{"start":{"line":18,"column":29},"end":{"line":18,"column":30}},"loc":{"start":{"line":18,"column":47},"end":{"line":34,"column":1}},"line":18}},"branchMap":{"0":{"loc":{"start":{"line":25,"column":8},"end":{"line":31,"column":9}},"type":"if","locations":[{"start":{"line":25,"column":8},"end":{"line":31,"column":9}},{"start":{"line":25,"column":8},"end":{"line":31,"column":9}}],"line":25},"1":{"loc":{"start":{"line":27,"column":14},"end":{"line":31,"column":9}},"type":"if","locations":[{"start":{"line":27,"column":14},"end":{"line":31,"column":9}},{"start":{"line":27,"column":14},"end":{"line":31,"column":9}}],"line":27}},"s":{"0":1,"1":5,"2":5,"3":5,"4":10,"5":10,"6":10,"7":1,"8":9,"9":5,"10":4,"11":4,"12":1},"f":{"0":5},"b":{"0":[1,9],"1":[5,4]},"_coverageSchema":"1a1c01bbd47fc00a2c39e90264f33305004495a9","hash":"9c520c9a02598172d4149467f97e3cdd1a352c34"}
,"/Users/briankleiner/Desktop/Career/Projects/interview-espresso-problems-js/Algorithms/validPalindrome.js": {"path":"/Users/briankleiner/Desktop/Career/Projects/interview-espresso-problems-js/Algorithms/validPalindrome.js","statementMap":{"0":{"start":{"line":4,"column":22},"end":{"line":15,"column":1}},"1":{"start":{"line":5,"column":4},"end":{"line":5,"column":47}},"2":{"start":{"line":6,"column":15},"end":{"line":6,"column":16}},"3":{"start":{"line":7,"column":16},"end":{"line":7,"column":28}},"4":{"start":{"line":9,"column":4},"end":{"line":13,"column":5}},"5":{"start":{"line":10,"column":8},"end":{"line":10,"column":47}},"6":{"start":{"line":10,"column":34},"end":{"line":10,"column":47}},"7":{"start":{"line":11,"column":8},"end":{"line":11,"column":16}},"8":{"start":{"line":12,"column":8},"end":{"line":12,"column":17}},"9":{"start":{"line":14,"column":4},"end":{"line":14,"column":16}},"10":{"start":{"line":17,"column":0},"end":{"line":17,"column":32}}},"fnMap":{"0":{"name":"(anonymous_0)","decl":{"start":{"line":4,"column":22},"end":{"line":4,"column":23}},"loc":{"start":{"line":4,"column":27},"end":{"line":15,"column":1}},"line":4}},"branchMap":{"0":{"loc":{"start":{"line":10,"column":8},"end":{"line":10,"column":47}},"type":"if","locations":[{"start":{"line":10,"column":8},"end":{"line":10,"column":47}},{"start":{"line":10,"column":8},"end":{"line":10,"column":47}}],"line":10}},"s":{"0":1,"1":2,"2":2,"3":2,"4":2,"5":4,"6":1,"7":3,"8":3,"9":1,"10":1},"f":{"0":2},"b":{"0":[1,3]},"_coverageSchema":"1a1c01bbd47fc00a2c39e90264f33305004495a9","hash":"769ea44a9b14e1d6c2e8a29082f9de29bad02007"}
,"/Users/briankleiner/Desktop/Career/Projects/interview-espresso-problems-js/Algorithms/validParentheses.js": {"path":"/Users/briankleiner/Desktop/Career/Projects/interview-espresso-problems-js/Algorithms/validParentheses.js","statementMap":{"0":{"start":{"line":26,"column":23},"end":{"line":48,"column":1}},"1":{"start":{"line":27,"column":16},"end":{"line":27,"column":18}},"2":{"start":{"line":28,"column":18},"end":{"line":32,"column":5}},"3":{"start":{"line":34,"column":4},"end":{"line":42,"column":5}},"4":{"start":{"line":35,"column":8},"end":{"line":41,"column":9}},"5":{"start":{"line":36,"column":12},"end":{"line":36,"column":28}},"6":{"start":{"line":38,"column":12},"end":{"line":38,"column":49}},"7":{"start":{"line":38,"column":36},"end":{"line":38,"column":49}},"8":{"start":{"line":39,"column":25},"end":{"line":39,"column":36}},"9":{"start":{"line":40,"column":12},"end":{"line":40,"column":51}},"10":{"start":{"line":40,"column":38},"end":{"line":40,"column":51}},"11":{"start":{"line":43,"column":4},"end":{"line":47,"column":5}},"12":{"start":{"line":44,"column":8},"end":{"line":44,"column":21}},"13":{"start":{"line":46,"column":8},"end":{"line":46,"column":20}},"14":{"start":{"line":50,"column":0},"end":{"line":50,"column":34}}},"fnMap":{"0":{"name":"(anonymous_0)","decl":{"start":{"line":26,"column":23},"end":{"line":26,"column":24}},"loc":{"start":{"line":26,"column":28},"end":{"line":48,"column":1}},"line":26}},"branchMap":{"0":{"loc":{"start":{"line":35,"column":8},"end":{"line":41,"column":9}},"type":"if","locations":[{"start":{"line":35,"column":8},"end":{"line":41,"column":9}},{"start":{"line":35,"column":8},"end":{"line":41,"column":9}}],"line":35},"1":{"loc":{"start":{"line":38,"column":12},"end":{"line":38,"column":49}},"type":"if","locations":[{"start":{"line":38,"column":12},"end":{"line":38,"column":49}},{"start":{"line":38,"column":12},"end":{"line":38,"column":49}}],"line":38},"2":{"loc":{"start":{"line":40,"column":12},"end":{"line":40,"column":51}},"type":"if","locations":[{"start":{"line":40,"column":12},"end":{"line":40,"column":51}},{"start":{"line":40,"column":12},"end":{"line":40,"column":51}}],"line":40},"3":{"loc":{"start":{"line":43,"column":4},"end":{"line":47,"column":5}},"type":"if","locations":[{"start":{"line":43,"column":4},"end":{"line":47,"column":5}},{"start":{"line":43,"column":4},"end":{"line":47,"column":5}}],"line":43}},"s":{"0":1,"1":5,"2":5,"3":5,"4":17,"5":9,"6":8,"7":0,"8":8,"9":8,"10":2,"11":3,"12":0,"13":3,"14":1},"f":{"0":5},"b":{"0":[9,8],"1":[0,8],"2":[2,6],"3":[0,3]},"_coverageSchema":"1a1c01bbd47fc00a2c39e90264f33305004495a9","hash":"deacc8139d64872ff7da9dd516e9655aa83c8361"}
}
