TN:
SF:firstUniqueCharacter.js
FN:30,(anonymous_0)
FNF:1
FNH:1
FNDA:3,(anonymous_0)
DA:30,1
DA:31,3
DA:32,13
DA:33,13
DA:34,2
DA:37,1
DA:44,1
LF:7
LH:7
BRDA:33,0,0,2
BRDA:33,0,1,11
BRF:2
BRH:2
end_of_record
TN:
SF:groupAnagrams.js
FN:6,(anonymous_0)
FNF:1
FNH:1
FNDA:3,(anonymous_0)
DA:6,1
DA:7,3
DA:9,3
DA:10,8
DA:11,8
DA:12,5
DA:15,3
DA:20,1
LF:8
LH:8
BRDA:11,0,0,3
BRDA:11,0,1,5
BRF:2
BRH:2
end_of_record
TN:
SF:validPalindrome.js
FN:4,(anonymous_0)
FNF:1
FNH:1
FNDA:2,(anonymous_0)
DA:4,1
DA:5,2
DA:6,2
DA:7,2
DA:9,2
DA:10,4
DA:11,3
DA:12,3
DA:14,1
DA:17,1
LF:10
LH:10
BRDA:10,0,0,1
BRDA:10,0,1,3
BRF:2
BRH:2
end_of_record
TN:
SF:validParentheses.js
FN:1,(anonymous_0)
FNF:1
FNH:1
FNDA:5,(anonymous_0)
DA:1,1
DA:2,5
DA:4,5
DA:5,17
DA:6,9
DA:8,8
DA:9,8
DA:10,8
DA:11,1
DA:12,7
DA:13,0
DA:14,7
DA:15,1
DA:19,3
DA:20,0
DA:22,3
DA:26,1
LF:17
LH:15
BRDA:5,0,0,9
BRDA:5,0,1,8
BRDA:5,1,0,17
BRDA:5,1,1,13
BRDA:5,1,2,10
BRDA:8,2,0,0
BRDA:8,2,1,8
BRDA:10,3,0,1
BRDA:10,3,1,7
BRDA:10,4,0,8
BRDA:10,4,1,3
BRDA:12,5,0,0
BRDA:12,5,1,7
BRDA:12,6,0,7
BRDA:12,6,1,2
BRDA:14,7,0,1
BRDA:14,7,1,6
BRDA:14,8,0,7
BRDA:14,8,1,3
BRDA:19,9,0,0
BRDA:19,9,1,3
BRF:21
BRH:18
end_of_record
