TN:
SF:firstUniqueCharacter.js
FN:30,(anonymous_0)
FNF:1
FNH:1
FNDA:3,(anonymous_0)
DA:30,1
DA:31,3
DA:32,13
DA:33,13
DA:34,2
DA:37,1
DA:44,1
LF:7
LH:7
BRDA:33,0,0,2
BRDA:33,0,1,11
BRF:2
BRH:2
end_of_record
TN:
SF:groupAnagrams.js
FN:6,(anonymous_0)
FNF:1
FNH:1
FNDA:3,(anonymous_0)
DA:6,1
DA:7,3
DA:9,3
DA:10,8
DA:11,8
DA:12,5
DA:15,3
DA:20,1
LF:8
LH:8
BRDA:11,0,0,3
BRDA:11,0,1,5
BRF:2
BRH:2
end_of_record
TN:
SF:validPalindrome.js
FN:4,(anonymous_0)
FNF:1
FNH:1
FNDA:2,(anonymous_0)
DA:4,1
DA:5,2
DA:6,2
DA:7,2
DA:9,2
DA:10,4
DA:11,3
DA:12,3
DA:14,1
DA:17,1
LF:10
LH:10
BRDA:10,0,0,1
BRDA:10,0,1,3
BRF:2
BRH:2
end_of_record
